<?xml version="1.0" encoding="UTF-8"?>
<testng-results ignored="0" total="7" passed="7" failed="0" skipped="0">
  <reporter-output>
  </reporter-output>
  <suite started-at="2022-10-17T06:25:02Z" name="Default suite" finished-at="2022-10-17T06:27:28Z" duration-ms="145900">
    <groups>
      <group name="cucumber">
        <method signature="AbstractTestNGCucumberTests.runScenario(io.cucumber.testng.PickleWrapper, io.cucumber.testng.FeatureWrapper)[pri:0, instance:testrunners.MyTestRunnerTestng@338c99c8]" name="runScenario" class="io.cucumber.testng.AbstractTestNGCucumberTests"/>
      </group> <!-- cucumber -->
    </groups>
    <test started-at="2022-10-17T06:25:02Z" name="Default test" finished-at="2022-10-17T06:27:28Z" duration-ms="145900">
      <class name="testrunners.MyTestRunnerTestng">
        <test-method is-config="true" signature="setUpClass()[pri:0, instance:testrunners.MyTestRunnerTestng@338c99c8]" started-at="2022-10-17T06:25:02Z" name="setUpClass" finished-at="2022-10-17T06:25:04Z" duration-ms="2486" status="PASS">
          <reporter-output>
          </reporter-output>
        </test-method> <!-- setUpClass -->
        <test-method signature="runScenario(io.cucumber.testng.PickleWrapper, io.cucumber.testng.FeatureWrapper)[pri:0, instance:testrunners.MyTestRunnerTestng@338c99c8]" started-at="2022-10-17T06:25:04Z" name="runScenario" description="Runs Cucumber Scenarios" data-provider="scenarios" finished-at="2022-10-17T06:27:09Z" duration-ms="125088" status="PASS">
          <params>
            <param index="0">
              <value>
                <![CDATA["Account page title"]]>
              </value>
            </param>
            <param index="1">
              <value>
                <![CDATA["Optional[Account Page Feature]"]]>
              </value>
            </param>
          </params>
          <reporter-output>
          </reporter-output>
        </test-method> <!-- runScenario -->
        <test-method signature="runScenario(io.cucumber.testng.PickleWrapper, io.cucumber.testng.FeatureWrapper)[pri:0, instance:testrunners.MyTestRunnerTestng@338c99c8]" started-at="2022-10-17T06:25:04Z" name="runScenario" description="Runs Cucumber Scenarios" data-provider="scenarios" finished-at="2022-10-17T06:26:14Z" duration-ms="69739" status="PASS">
          <params>
            <param index="0">
              <value>
                <![CDATA["Contact Us scenario with different set of data"]]>
              </value>
            </param>
            <param index="1">
              <value>
                <![CDATA["Optional[Contact Us Feature]"]]>
              </value>
            </param>
          </params>
          <reporter-output>
          </reporter-output>
        </test-method> <!-- runScenario -->
        <test-method signature="runScenario(io.cucumber.testng.PickleWrapper, io.cucumber.testng.FeatureWrapper)[pri:0, instance:testrunners.MyTestRunnerTestng@338c99c8]" started-at="2022-10-17T06:25:04Z" name="runScenario" description="Runs Cucumber Scenarios" data-provider="scenarios" finished-at="2022-10-17T06:27:19Z" duration-ms="134651" status="PASS">
          <params>
            <param index="0">
              <value>
                <![CDATA["Contact Us scenario with different set of data"]]>
              </value>
            </param>
            <param index="1">
              <value>
                <![CDATA["Optional[Contact Us Feature]"]]>
              </value>
            </param>
          </params>
          <reporter-output>
          </reporter-output>
        </test-method> <!-- runScenario -->
        <test-method signature="runScenario(io.cucumber.testng.PickleWrapper, io.cucumber.testng.FeatureWrapper)[pri:0, instance:testrunners.MyTestRunnerTestng@338c99c8]" started-at="2022-10-17T06:25:04Z" name="runScenario" description="Runs Cucumber Scenarios" data-provider="scenarios" finished-at="2022-10-17T06:26:15Z" duration-ms="70459" status="PASS">
          <params>
            <param index="0">
              <value>
                <![CDATA["Login page title"]]>
              </value>
            </param>
            <param index="1">
              <value>
                <![CDATA["Optional[Login page feature]"]]>
              </value>
            </param>
          </params>
          <reporter-output>
          </reporter-output>
        </test-method> <!-- runScenario -->
        <test-method signature="runScenario(io.cucumber.testng.PickleWrapper, io.cucumber.testng.FeatureWrapper)[pri:0, instance:testrunners.MyTestRunnerTestng@338c99c8]" started-at="2022-10-17T06:25:04Z" name="runScenario" description="Runs Cucumber Scenarios" data-provider="scenarios" finished-at="2022-10-17T06:27:20Z" duration-ms="136135" status="PASS">
          <params>
            <param index="0">
              <value>
                <![CDATA["Login with correct credentials"]]>
              </value>
            </param>
            <param index="1">
              <value>
                <![CDATA["Optional[Login page feature]"]]>
              </value>
            </param>
          </params>
          <reporter-output>
          </reporter-output>
        </test-method> <!-- runScenario -->
        <test-method signature="runScenario(io.cucumber.testng.PickleWrapper, io.cucumber.testng.FeatureWrapper)[pri:0, instance:testrunners.MyTestRunnerTestng@338c99c8]" started-at="2022-10-17T06:25:04Z" name="runScenario" description="Runs Cucumber Scenarios" data-provider="scenarios" finished-at="2022-10-17T06:27:15Z" duration-ms="130786" status="PASS">
          <params>
            <param index="0">
              <value>
                <![CDATA["Forgot Password link"]]>
              </value>
            </param>
            <param index="1">
              <value>
                <![CDATA["Optional[Login page feature]"]]>
              </value>
            </param>
          </params>
          <reporter-output>
          </reporter-output>
        </test-method> <!-- runScenario -->
        <test-method signature="runScenario(io.cucumber.testng.PickleWrapper, io.cucumber.testng.FeatureWrapper)[pri:0, instance:testrunners.MyTestRunnerTestng@338c99c8]" started-at="2022-10-17T06:25:04Z" name="runScenario" description="Runs Cucumber Scenarios" data-provider="scenarios" finished-at="2022-10-17T06:27:13Z" duration-ms="128863" status="PASS">
          <params>
            <param index="0">
              <value>
                <![CDATA["Accounts section count"]]>
              </value>
            </param>
            <param index="1">
              <value>
                <![CDATA["Optional[Account Page Feature]"]]>
              </value>
            </param>
          </params>
          <reporter-output>
          </reporter-output>
        </test-method> <!-- runScenario -->
        <test-method is-config="true" signature="tearDownClass()[pri:0, instance:testrunners.MyTestRunnerTestng@338c99c8]" started-at="2022-10-17T06:27:20Z" name="tearDownClass" finished-at="2022-10-17T06:27:28Z" duration-ms="7213" status="PASS">
          <reporter-output>
          </reporter-output>
        </test-method> <!-- tearDownClass -->
      </class> <!-- testrunners.MyTestRunnerTestng -->
    </test> <!-- Default test -->
  </suite> <!-- Default suite -->
</testng-results>
